TN:
SF:src\services\applianceService.js
FN:5,(anonymous_0)
FN:10,(anonymous_1)
FN:14,(anonymous_2)
FN:16,(anonymous_3)
FN:22,(anonymous_4)
FN:31,(anonymous_5)
FN:39,(anonymous_6)
FN:51,(anonymous_7)
FN:60,(anonymous_8)
FN:75,(anonymous_9)
FNF:10
FNH:10
FNDA:11,(anonymous_0)
FNDA:7,(anonymous_1)
FNDA:2,(anonymous_2)
FNDA:2,(anonymous_3)
FNDA:2,(anonymous_4)
FNDA:2,(anonymous_5)
FNDA:3,(anonymous_6)
FNDA:3,(anonymous_7)
FNDA:8,(anonymous_8)
FNDA:7,(anonymous_9)
DA:1,2
DA:2,2
DA:6,11
DA:7,11
DA:11,7
DA:15,2
DA:16,2
DA:23,2
DA:24,2
DA:25,1
DA:28,1
DA:32,2
DA:33,2
DA:34,2
DA:35,2
DA:36,2
DA:40,3
DA:41,3
DA:42,3
DA:43,1
DA:46,2
DA:47,2
DA:48,2
DA:52,3
DA:53,3
DA:54,1
DA:57,2
DA:61,8
DA:62,8
DA:63,1
DA:66,7
DA:67,1
DA:70,6
DA:71,1
DA:76,7
DA:87,2
LF:36
LH:36
BRDA:24,0,0,1
BRDA:24,0,1,1
BRDA:42,1,0,1
BRDA:42,1,1,2
BRDA:53,2,0,1
BRDA:53,2,1,2
BRDA:62,3,0,1
BRDA:62,3,1,7
BRDA:66,4,0,1
BRDA:66,4,1,6
BRDA:70,5,0,1
BRDA:70,5,1,5
BRF:12
BRH:12
end_of_record
TN:
SF:src\services\authService.js
FN:7,(anonymous_0)
FN:13,(anonymous_1)
FN:41,(anonymous_2)
FN:63,(anonymous_3)
FN:67,(anonymous_4)
FNF:5
FNH:5
FNDA:10,(anonymous_0)
FNDA:8,(anonymous_1)
FNDA:6,(anonymous_2)
FNDA:1,(anonymous_3)
FNDA:6,(anonymous_4)
DA:1,2
DA:2,2
DA:3,2
DA:4,2
DA:8,10
DA:9,10
DA:10,10
DA:14,8
DA:15,1
DA:18,7
DA:19,1
DA:22,6
DA:23,1
DA:26,5
DA:27,5
DA:28,1
DA:31,4
DA:32,4
DA:38,4
DA:42,6
DA:43,1
DA:46,5
DA:47,1
DA:50,4
DA:51,4
DA:52,1
DA:55,3
DA:56,3
DA:57,1
DA:60,2
DA:64,1
DA:68,6
DA:73,6
DA:84,2
LF:34
LH:34
BRDA:14,0,0,1
BRDA:14,0,1,7
BRDA:18,1,0,1
BRDA:18,1,1,6
BRDA:22,2,0,1
BRDA:22,2,1,5
BRDA:22,3,0,6
BRDA:22,3,1,6
BRDA:27,4,0,1
BRDA:27,4,1,4
BRDA:42,5,0,1
BRDA:42,5,1,5
BRDA:46,6,0,1
BRDA:46,6,1,4
BRDA:51,7,0,1
BRDA:51,7,1,3
BRDA:56,8,0,1
BRDA:56,8,1,2
BRF:18
BRH:18
end_of_record
TN:
SF:src\services\consumptionService.js
FN:2,(anonymous_0)
FN:7,(anonymous_1)
FN:11,(anonymous_2)
FN:15,(anonymous_3)
FN:24,(anonymous_4)
FN:29,(anonymous_5)
FNF:6
FNH:6
FNDA:4,(anonymous_0)
FNDA:1,(anonymous_1)
FNDA:2,(anonymous_2)
FNDA:2,(anonymous_3)
FNDA:2,(anonymous_4)
FNDA:2,(anonymous_5)
DA:3,4
DA:4,4
DA:8,1
DA:12,2
DA:13,2
DA:14,2
DA:15,2
DA:19,2
DA:24,2
DA:29,2
DA:37,2
LF:11
LH:11
BRDA:22,0,0,1
BRDA:22,0,1,1
BRF:2
BRH:2
end_of_record
TN:
SF:src\services\index.js
FN:6,buildServices
FNF:1
FNH:1
FNDA:1,buildServices
DA:1,1
DA:2,1
DA:3,1
DA:4,1
DA:7,1
DA:13,1
DA:27,1
LF:7
LH:7
BRDA:6,0,0,0
BRF:1
BRH:0
end_of_record
TN:
SF:src\services\recommendationService.js
FN:2,(anonymous_0)
FNF:1
FNH:1
FNDA:2,(anonymous_0)
DA:3,2
DA:5,2
DA:6,1
DA:9,2
DA:10,1
DA:13,2
DA:14,1
DA:17,2
DA:21,2
LF:9
LH:9
BRDA:5,0,0,1
BRDA:5,0,1,1
BRDA:9,1,0,1
BRDA:9,1,1,1
BRDA:13,2,0,1
BRDA:13,2,1,1
BRF:6
BRH:6
end_of_record
